C:\Users\vkoraboi\source\repos\TicketApp\TicketApp\wwwroot\dist\out-tsc\app\app.component.js
C:\Users\vkoraboi\source\repos\TicketApp\TicketApp\wwwroot\dist\out-tsc\app\app.component.js.map
C:\Users\vkoraboi\source\repos\TicketApp\TicketApp\wwwroot\dist\out-tsc\app\containers\full-layout\full-layout.component.js
C:\Users\vkoraboi\source\repos\TicketApp\TicketApp\wwwroot\dist\out-tsc\app\containers\full-layout\full-layout.component.js.map
C:\Users\vkoraboi\source\repos\TicketApp\TicketApp\wwwroot\dist\out-tsc\app\containers\full-layout\index.js
C:\Users\vkoraboi\source\repos\TicketApp\TicketApp\wwwroot\dist\out-tsc\app\containers\full-layout\index.js.map
C:\Users\vkoraboi\source\repos\TicketApp\TicketApp\wwwroot\dist\out-tsc\app\containers\index.js
C:\Users\vkoraboi\source\repos\TicketApp\TicketApp\wwwroot\dist\out-tsc\app\containers\index.js.map
C:\Users\vkoraboi\source\repos\TicketApp\TicketApp\wwwroot\dist\out-tsc\app\components\app-aside\app-aside.component.js
C:\Users\vkoraboi\source\repos\TicketApp\TicketApp\wwwroot\dist\out-tsc\app\components\app-aside\app-aside.component.js.map
C:\Users\vkoraboi\source\repos\TicketApp\TicketApp\wwwroot\dist\out-tsc\app\components\app-aside\index.js
C:\Users\vkoraboi\source\repos\TicketApp\TicketApp\wwwroot\dist\out-tsc\app\components\app-aside\index.js.map
C:\Users\vkoraboi\source\repos\TicketApp\TicketApp\wwwroot\dist\out-tsc\app\components\app-breadcrumbs\app-breadcrumbs.component.js
C:\Users\vkoraboi\source\repos\TicketApp\TicketApp\wwwroot\dist\out-tsc\app\components\app-breadcrumbs\app-breadcrumbs.component.js.map
C:\Users\vkoraboi\source\repos\TicketApp\TicketApp\wwwroot\dist\out-tsc\app\components\app-breadcrumbs\index.js
C:\Users\vkoraboi\source\repos\TicketApp\TicketApp\wwwroot\dist\out-tsc\app\components\app-breadcrumbs\index.js.map
C:\Users\vkoraboi\source\repos\TicketApp\TicketApp\wwwroot\dist\out-tsc\app\components\app-footer\app-footer.component.js
C:\Users\vkoraboi\source\repos\TicketApp\TicketApp\wwwroot\dist\out-tsc\app\components\app-footer\app-footer.component.js.map
C:\Users\vkoraboi\source\repos\TicketApp\TicketApp\wwwroot\dist\out-tsc\app\components\app-footer\index.js
C:\Users\vkoraboi\source\repos\TicketApp\TicketApp\wwwroot\dist\out-tsc\app\components\app-footer\index.js.map
C:\Users\vkoraboi\source\repos\TicketApp\TicketApp\wwwroot\dist\out-tsc\app\components\app-header\app-header.component.js
C:\Users\vkoraboi\source\repos\TicketApp\TicketApp\wwwroot\dist\out-tsc\app\components\app-header\app-header.component.js.map
C:\Users\vkoraboi\source\repos\TicketApp\TicketApp\wwwroot\dist\out-tsc\app\components\app-header\index.js
C:\Users\vkoraboi\source\repos\TicketApp\TicketApp\wwwroot\dist\out-tsc\app\components\app-header\index.js.map
C:\Users\vkoraboi\source\repos\TicketApp\TicketApp\wwwroot\dist\out-tsc\app\components\app-sidebar\app-sidebar.component.js
C:\Users\vkoraboi\source\repos\TicketApp\TicketApp\wwwroot\dist\out-tsc\app\components\app-sidebar\app-sidebar.component.js.map
C:\Users\vkoraboi\source\repos\TicketApp\TicketApp\wwwroot\dist\out-tsc\app\components\app-sidebar\index.js
C:\Users\vkoraboi\source\repos\TicketApp\TicketApp\wwwroot\dist\out-tsc\app\components\app-sidebar\index.js.map
C:\Users\vkoraboi\source\repos\TicketApp\TicketApp\wwwroot\dist\out-tsc\app\components\app-sidebar-footer\app-sidebar-footer.component.js
C:\Users\vkoraboi\source\repos\TicketApp\TicketApp\wwwroot\dist\out-tsc\app\components\app-sidebar-footer\app-sidebar-footer.component.js.map
C:\Users\vkoraboi\source\repos\TicketApp\TicketApp\wwwroot\dist\out-tsc\app\components\app-sidebar-footer\index.js
C:\Users\vkoraboi\source\repos\TicketApp\TicketApp\wwwroot\dist\out-tsc\app\components\app-sidebar-footer\index.js.map
C:\Users\vkoraboi\source\repos\TicketApp\TicketApp\wwwroot\dist\out-tsc\app\components\app-sidebar-form\app-sidebar-form.component.js
C:\Users\vkoraboi\source\repos\TicketApp\TicketApp\wwwroot\dist\out-tsc\app\components\app-sidebar-form\app-sidebar-form.component.js.map
C:\Users\vkoraboi\source\repos\TicketApp\TicketApp\wwwroot\dist\out-tsc\app\components\app-sidebar-form\index.js
C:\Users\vkoraboi\source\repos\TicketApp\TicketApp\wwwroot\dist\out-tsc\app\components\app-sidebar-form\index.js.map
C:\Users\vkoraboi\source\repos\TicketApp\TicketApp\wwwroot\dist\out-tsc\app\components\app-sidebar-header\app-sidebar-header.component.js
C:\Users\vkoraboi\source\repos\TicketApp\TicketApp\wwwroot\dist\out-tsc\app\components\app-sidebar-header\app-sidebar-header.component.js.map
C:\Users\vkoraboi\source\repos\TicketApp\TicketApp\wwwroot\dist\out-tsc\app\components\app-sidebar-header\index.js
C:\Users\vkoraboi\source\repos\TicketApp\TicketApp\wwwroot\dist\out-tsc\app\components\app-sidebar-header\index.js.map
C:\Users\vkoraboi\source\repos\TicketApp\TicketApp\wwwroot\dist\out-tsc\app\components\app-sidebar-minimizer\app-sidebar-minimizer.component.js
C:\Users\vkoraboi\source\repos\TicketApp\TicketApp\wwwroot\dist\out-tsc\app\components\app-sidebar-minimizer\app-sidebar-minimizer.component.js.map
C:\Users\vkoraboi\source\repos\TicketApp\TicketApp\wwwroot\dist\out-tsc\app\components\app-sidebar-minimizer\index.js
C:\Users\vkoraboi\source\repos\TicketApp\TicketApp\wwwroot\dist\out-tsc\app\components\app-sidebar-minimizer\index.js.map
C:\Users\vkoraboi\source\repos\TicketApp\TicketApp\wwwroot\dist\out-tsc\app\_nav.js
C:\Users\vkoraboi\source\repos\TicketApp\TicketApp\wwwroot\dist\out-tsc\app\_nav.js.map
C:\Users\vkoraboi\source\repos\TicketApp\TicketApp\wwwroot\dist\out-tsc\app\components\app-sidebar-nav\app-sidebar-nav.component.js
C:\Users\vkoraboi\source\repos\TicketApp\TicketApp\wwwroot\dist\out-tsc\app\components\app-sidebar-nav\app-sidebar-nav.component.js.map
C:\Users\vkoraboi\source\repos\TicketApp\TicketApp\wwwroot\dist\out-tsc\app\components\app-sidebar-nav\index.js
C:\Users\vkoraboi\source\repos\TicketApp\TicketApp\wwwroot\dist\out-tsc\app\components\app-sidebar-nav\index.js.map
C:\Users\vkoraboi\source\repos\TicketApp\TicketApp\wwwroot\dist\out-tsc\app\components\index.js
C:\Users\vkoraboi\source\repos\TicketApp\TicketApp\wwwroot\dist\out-tsc\app\components\index.js.map
C:\Users\vkoraboi\source\repos\TicketApp\TicketApp\wwwroot\dist\out-tsc\app\directives\aside\aside.directive.js
C:\Users\vkoraboi\source\repos\TicketApp\TicketApp\wwwroot\dist\out-tsc\app\directives\aside\aside.directive.js.map
C:\Users\vkoraboi\source\repos\TicketApp\TicketApp\wwwroot\dist\out-tsc\app\directives\aside\index.js
C:\Users\vkoraboi\source\repos\TicketApp\TicketApp\wwwroot\dist\out-tsc\app\directives\aside\index.js.map
C:\Users\vkoraboi\source\repos\TicketApp\TicketApp\wwwroot\dist\out-tsc\app\directives\nav-dropdown\nav-dropdown.directive.js
C:\Users\vkoraboi\source\repos\TicketApp\TicketApp\wwwroot\dist\out-tsc\app\directives\nav-dropdown\nav-dropdown.directive.js.map
C:\Users\vkoraboi\source\repos\TicketApp\TicketApp\wwwroot\dist\out-tsc\app\directives\nav-dropdown\index.js
C:\Users\vkoraboi\source\repos\TicketApp\TicketApp\wwwroot\dist\out-tsc\app\directives\nav-dropdown\index.js.map
C:\Users\vkoraboi\source\repos\TicketApp\TicketApp\wwwroot\dist\out-tsc\app\directives\replace\replace.directive.js
C:\Users\vkoraboi\source\repos\TicketApp\TicketApp\wwwroot\dist\out-tsc\app\directives\replace\replace.directive.js.map
C:\Users\vkoraboi\source\repos\TicketApp\TicketApp\wwwroot\dist\out-tsc\app\directives\replace\index.js
C:\Users\vkoraboi\source\repos\TicketApp\TicketApp\wwwroot\dist\out-tsc\app\directives\replace\index.js.map
C:\Users\vkoraboi\source\repos\TicketApp\TicketApp\wwwroot\dist\out-tsc\app\directives\sidebar\sidebar.directive.js
C:\Users\vkoraboi\source\repos\TicketApp\TicketApp\wwwroot\dist\out-tsc\app\directives\sidebar\sidebar.directive.js.map
C:\Users\vkoraboi\source\repos\TicketApp\TicketApp\wwwroot\dist\out-tsc\app\directives\sidebar\index.js
C:\Users\vkoraboi\source\repos\TicketApp\TicketApp\wwwroot\dist\out-tsc\app\directives\sidebar\index.js.map
C:\Users\vkoraboi\source\repos\TicketApp\TicketApp\wwwroot\dist\out-tsc\app\directives\index.js
C:\Users\vkoraboi\source\repos\TicketApp\TicketApp\wwwroot\dist\out-tsc\app\directives\index.js.map
C:\Users\vkoraboi\source\repos\TicketApp\TicketApp\wwwroot\dist\out-tsc\app\app.routing.js
C:\Users\vkoraboi\source\repos\TicketApp\TicketApp\wwwroot\dist\out-tsc\app\app.routing.js.map
C:\Users\vkoraboi\source\repos\TicketApp\TicketApp\wwwroot\dist\out-tsc\app\app.module.js
C:\Users\vkoraboi\source\repos\TicketApp\TicketApp\wwwroot\dist\out-tsc\app\app.module.js.map
C:\Users\vkoraboi\source\repos\TicketApp\TicketApp\wwwroot\dist\out-tsc\environments\environment.js
C:\Users\vkoraboi\source\repos\TicketApp\TicketApp\wwwroot\dist\out-tsc\environments\environment.js.map
C:\Users\vkoraboi\source\repos\TicketApp\TicketApp\wwwroot\dist\out-tsc\main.js
C:\Users\vkoraboi\source\repos\TicketApp\TicketApp\wwwroot\dist\out-tsc\main.js.map
C:\Users\vkoraboi\source\repos\TicketApp\TicketApp\wwwroot\dist\out-tsc\polyfills.js
C:\Users\vkoraboi\source\repos\TicketApp\TicketApp\wwwroot\dist\out-tsc\polyfills.js.map
C:\Users\vkoraboi\source\repos\TicketApp\TicketApp\wwwroot\dist\out-tsc\test.js
C:\Users\vkoraboi\source\repos\TicketApp\TicketApp\wwwroot\dist\out-tsc\test.js.map
C:\Users\vkoraboi\source\repos\TicketApp\TicketApp\wwwroot\dist\out-tsc\environments\environment.prod.js
C:\Users\vkoraboi\source\repos\TicketApp\TicketApp\wwwroot\dist\out-tsc\environments\environment.prod.js.map
C:\Users\vkoraboi\source\repos\TicketApp\TicketApp\wwwroot\dist\out-tsc\e2e\app.po.js
C:\Users\vkoraboi\source\repos\TicketApp\TicketApp\wwwroot\dist\out-tsc\e2e\app.po.js.map
C:\Users\vkoraboi\source\repos\TicketApp\TicketApp\wwwroot\dist\out-tsc\e2e\app.e2e-spec.js
C:\Users\vkoraboi\source\repos\TicketApp\TicketApp\wwwroot\dist\out-tsc\e2e\app.e2e-spec.js.map
C:\Users\vkoraboi\source\repos\TicketApp\TicketApp\wwwroot\dist\out-tsc\app\app.component.spec.js
C:\Users\vkoraboi\source\repos\TicketApp\TicketApp\wwwroot\dist\out-tsc\app\app.component.spec.js.map
C:\Users\vkoraboi\source\repos\TicketApp\TicketApp\wwwroot\dist\out-tsc\app\views\widgets\widgets.component.js
C:\Users\vkoraboi\source\repos\TicketApp\TicketApp\wwwroot\dist\out-tsc\app\views\widgets\widgets.component.js.map
C:\Users\vkoraboi\source\repos\TicketApp\TicketApp\wwwroot\dist\out-tsc\app\views\widgets\widgets-routing.module.js
C:\Users\vkoraboi\source\repos\TicketApp\TicketApp\wwwroot\dist\out-tsc\app\views\widgets\widgets-routing.module.js.map
C:\Users\vkoraboi\source\repos\TicketApp\TicketApp\wwwroot\dist\out-tsc\app\views\widgets\widgets.module.js
C:\Users\vkoraboi\source\repos\TicketApp\TicketApp\wwwroot\dist\out-tsc\app\views\widgets\widgets.module.js.map
C:\Users\vkoraboi\source\repos\TicketApp\TicketApp\wwwroot\dist\out-tsc\app\views\icons\font-awesome.component.js
C:\Users\vkoraboi\source\repos\TicketApp\TicketApp\wwwroot\dist\out-tsc\app\views\icons\font-awesome.component.js.map
C:\Users\vkoraboi\source\repos\TicketApp\TicketApp\wwwroot\dist\out-tsc\app\views\icons\simple-line-icons.component.js
C:\Users\vkoraboi\source\repos\TicketApp\TicketApp\wwwroot\dist\out-tsc\app\views\icons\simple-line-icons.component.js.map
C:\Users\vkoraboi\source\repos\TicketApp\TicketApp\wwwroot\dist\out-tsc\app\views\icons\icons-routing.module.js
C:\Users\vkoraboi\source\repos\TicketApp\TicketApp\wwwroot\dist\out-tsc\app\views\icons\icons-routing.module.js.map
C:\Users\vkoraboi\source\repos\TicketApp\TicketApp\wwwroot\dist\out-tsc\app\views\icons\icons.module.js
C:\Users\vkoraboi\source\repos\TicketApp\TicketApp\wwwroot\dist\out-tsc\app\views\icons\icons.module.js.map
C:\Users\vkoraboi\source\repos\TicketApp\TicketApp\wwwroot\dist\out-tsc\app\views\dashboard\dashboard.service.js
C:\Users\vkoraboi\source\repos\TicketApp\TicketApp\wwwroot\dist\out-tsc\app\views\dashboard\dashboard.service.js.map
C:\Users\vkoraboi\source\repos\TicketApp\TicketApp\wwwroot\dist\out-tsc\app\views\dashboard\dashboard.component.js
C:\Users\vkoraboi\source\repos\TicketApp\TicketApp\wwwroot\dist\out-tsc\app\views\dashboard\dashboard.component.js.map
C:\Users\vkoraboi\source\repos\TicketApp\TicketApp\wwwroot\dist\out-tsc\app\views\dashboard\team-details.component.js
C:\Users\vkoraboi\source\repos\TicketApp\TicketApp\wwwroot\dist\out-tsc\app\views\dashboard\team-details.component.js.map
C:\Users\vkoraboi\source\repos\TicketApp\TicketApp\wwwroot\dist\out-tsc\app\views\dashboard\dashboard-routing.module.js
C:\Users\vkoraboi\source\repos\TicketApp\TicketApp\wwwroot\dist\out-tsc\app\views\dashboard\dashboard-routing.module.js.map
C:\Users\vkoraboi\source\repos\TicketApp\TicketApp\wwwroot\dist\out-tsc\app\views\dashboard\date-range.pipe.js
C:\Users\vkoraboi\source\repos\TicketApp\TicketApp\wwwroot\dist\out-tsc\app\views\dashboard\date-range.pipe.js.map
C:\Users\vkoraboi\source\repos\TicketApp\TicketApp\wwwroot\dist\out-tsc\app\views\dashboard\dashboard.module.js
C:\Users\vkoraboi\source\repos\TicketApp\TicketApp\wwwroot\dist\out-tsc\app\views\dashboard\dashboard.module.js.map
C:\Users\vkoraboi\source\repos\TicketApp\TicketApp\wwwroot\dist\out-tsc\app\views\components\buttons.component.js
C:\Users\vkoraboi\source\repos\TicketApp\TicketApp\wwwroot\dist\out-tsc\app\views\components\buttons.component.js.map
C:\Users\vkoraboi\source\repos\TicketApp\TicketApp\wwwroot\dist\out-tsc\app\views\components\cards.component.js
C:\Users\vkoraboi\source\repos\TicketApp\TicketApp\wwwroot\dist\out-tsc\app\views\components\cards.component.js.map
C:\Users\vkoraboi\source\repos\TicketApp\TicketApp\wwwroot\dist\out-tsc\app\views\components\forms.component.js
C:\Users\vkoraboi\source\repos\TicketApp\TicketApp\wwwroot\dist\out-tsc\app\views\components\forms.component.js.map
C:\Users\vkoraboi\source\repos\TicketApp\TicketApp\wwwroot\dist\out-tsc\app\views\components\modals.component.js
C:\Users\vkoraboi\source\repos\TicketApp\TicketApp\wwwroot\dist\out-tsc\app\views\components\modals.component.js.map
C:\Users\vkoraboi\source\repos\TicketApp\TicketApp\wwwroot\dist\out-tsc\app\views\components\social-buttons.component.js
C:\Users\vkoraboi\source\repos\TicketApp\TicketApp\wwwroot\dist\out-tsc\app\views\components\social-buttons.component.js.map
C:\Users\vkoraboi\source\repos\TicketApp\TicketApp\wwwroot\dist\out-tsc\app\views\components\switches.component.js
C:\Users\vkoraboi\source\repos\TicketApp\TicketApp\wwwroot\dist\out-tsc\app\views\components\switches.component.js.map
C:\Users\vkoraboi\source\repos\TicketApp\TicketApp\wwwroot\dist\out-tsc\app\views\components\tables.component.js
C:\Users\vkoraboi\source\repos\TicketApp\TicketApp\wwwroot\dist\out-tsc\app\views\components\tables.component.js.map
C:\Users\vkoraboi\source\repos\TicketApp\TicketApp\wwwroot\dist\out-tsc\app\views\components\tabs.component.js
C:\Users\vkoraboi\source\repos\TicketApp\TicketApp\wwwroot\dist\out-tsc\app\views\components\tabs.component.js.map
C:\Users\vkoraboi\source\repos\TicketApp\TicketApp\wwwroot\dist\out-tsc\app\views\components\components-routing.module.js
C:\Users\vkoraboi\source\repos\TicketApp\TicketApp\wwwroot\dist\out-tsc\app\views\components\components-routing.module.js.map
C:\Users\vkoraboi\source\repos\TicketApp\TicketApp\wwwroot\dist\out-tsc\app\views\components\components.module.js
C:\Users\vkoraboi\source\repos\TicketApp\TicketApp\wwwroot\dist\out-tsc\app\views\components\components.module.js.map
